Flow report for top_internal_logic_analyzer
Mon Dec 23 11:31:37 2013
Quartus II 64-Bit Version 13.0.1 Build 232 06/12/2013 Service Pack 1 SJ Web Edition


---------------------
; Table of Contents ;
---------------------
  1. Legal Notice
  2. Flow Summary
  3. Flow Settings
  4. Flow Non-Default Global Settings
  5. Flow Elapsed Time
  6. Flow OS Summary
  7. Flow Log
  8. Flow Messages
  9. Flow Suppressed Messages



----------------
; Legal Notice ;
----------------
Copyright (C) 1991-2013 Altera Corporation
Your use of Altera Corporation's design tools, logic functions 
and other software and tools, and its AMPP partner logic 
functions, and any output files from any of the foregoing 
(including device programming or simulation files), and any 
associated documentation or information are expressly subject 
to the terms and conditions of the Altera Program License 
Subscription Agreement, Altera MegaCore Function License 
Agreement, or other applicable license agreement, including, 
without limitation, that your use is for the sole purpose of 
programming logic devices manufactured by Altera and sold by 
Altera or its authorized distributors.  Please refer to the 
applicable agreement for further details.



+--------------------------------------------------------------------------------------+
; Flow Summary                                                                         ;
+------------------------------------+-------------------------------------------------+
; Flow Status                        ; Successful - Mon Dec 23 11:31:37 2013           ;
; Quartus II 64-Bit Version          ; 13.0.1 Build 232 06/12/2013 SP 1 SJ Web Edition ;
; Revision Name                      ; top_internal_logic_analyzer                     ;
; Top-level Entity Name              ; top_internal_logic_analyzer                     ;
; Family                             ; Cyclone II                                      ;
; Total logic elements               ; 1,885 / 33,216 ( 6 % )                          ;
;     Total combinational functions  ; 1,615 / 33,216 ( 5 % )                          ;
;     Dedicated logic registers      ; 1,067 / 33,216 ( 3 % )                          ;
; Total registers                    ; 1067                                            ;
; Total pins                         ; 5 / 322 ( 2 % )                                 ;
; Total virtual pins                 ; 0                                               ;
; Total memory bits                  ; 266,440 / 483,840 ( 55 % )                      ;
; Embedded Multiplier 9-bit elements ; 0 / 70 ( 0 % )                                  ;
; Total PLLs                         ; 0 / 4 ( 0 % )                                   ;
; Device                             ; EP2C35F484C6                                    ;
; Timing Models                      ; Final                                           ;
+------------------------------------+-------------------------------------------------+


+-------------------------------------------------+
; Flow Settings                                   ;
+-------------------+-----------------------------+
; Option            ; Setting                     ;
+-------------------+-----------------------------+
; Start date & time ; 12/23/2013 11:29:40         ;
; Main task         ; Compilation                 ;
; Revision Name     ; top_internal_logic_analyzer ;
+-------------------+-----------------------------+


+---------------------------------------------------------------------------------------------------------------------+
; Flow Non-Default Global Settings                                                                                    ;
+-------------------------------------+--------------------------------+---------------+-------------+----------------+
; Assignment Name                     ; Value                          ; Default Value ; Entity Name ; Section Id     ;
+-------------------------------------+--------------------------------+---------------+-------------+----------------+
; COMPILER_SIGNATURE_ID               ; 99401386296160.138779097900056 ; --            ; --          ; --             ;
; EDA_OUTPUT_DATA_FORMAT              ; Vhdl                           ; --            ; --          ; eda_simulation ;
; EDA_SIMULATION_TOOL                 ; ModelSim-Altera (VHDL)         ; <None>        ; --          ; --             ;
; PARTITION_COLOR                     ; 16764057                       ; --            ; --          ; Top            ;
; PARTITION_FITTER_PRESERVATION_LEVEL ; PLACEMENT_AND_ROUTING          ; --            ; --          ; Top            ;
; PARTITION_NETLIST_TYPE              ; SOURCE                         ; --            ; --          ; Top            ;
; PROJECT_OUTPUT_DIRECTORY            ; output_files                   ; --            ; --          ; --             ;
+-------------------------------------+--------------------------------+---------------+-------------+----------------+


+-------------------------------------------------------------------------------------------------------------------------------+
; Flow Elapsed Time                                                                                                             ;
+---------------------------+--------------+-------------------------+---------------------+------------------------------------+
; Module Name               ; Elapsed Time ; Average Processors Used ; Peak Virtual Memory ; Total CPU Time (on all processors) ;
+---------------------------+--------------+-------------------------+---------------------+------------------------------------+
; Analysis & Synthesis      ; 00:00:34     ; 1.0                     ; 553 MB              ; 00:00:29                           ;
; Fitter                    ; 00:00:52     ; 1.0                     ; 688 MB              ; 00:00:48                           ;
; Assembler                 ; 00:00:06     ; 1.0                     ; 432 MB              ; 00:00:06                           ;
; TimeQuest Timing Analyzer ; 00:00:05     ; 1.0                     ; 431 MB              ; 00:00:05                           ;
; EDA Netlist Writer        ; 00:00:06     ; 1.0                     ; 406 MB              ; 00:00:05                           ;
; Total                     ; 00:01:43     ; --                      ; --                  ; 00:01:33                           ;
+---------------------------+--------------+-------------------------+---------------------+------------------------------------+


+----------------------------------------------------------------------------------------+
; Flow OS Summary                                                                        ;
+---------------------------+------------------+-----------+------------+----------------+
; Module Name               ; Machine Hostname ; OS Name   ; OS Version ; Processor type ;
+---------------------------+------------------+-----------+------------+----------------+
; Analysis & Synthesis      ; MoranKatz        ; Windows 7 ; 6.2        ; x86_64         ;
; Fitter                    ; MoranKatz        ; Windows 7 ; 6.2        ; x86_64         ;
; Assembler                 ; MoranKatz        ; Windows 7 ; 6.2        ; x86_64         ;
; TimeQuest Timing Analyzer ; MoranKatz        ; Windows 7 ; 6.2        ; x86_64         ;
; EDA Netlist Writer        ; MoranKatz        ; Windows 7 ; 6.2        ; x86_64         ;
+---------------------------+------------------+-----------+------------+----------------+


------------
; Flow Log ;
------------
quartus_map --read_settings_files=on --write_settings_files=off top_internal_logic_analyzer -c top_internal_logic_analyzer
quartus_fit --read_settings_files=off --write_settings_files=off top_internal_logic_analyzer -c top_internal_logic_analyzer
quartus_asm --read_settings_files=off --write_settings_files=off top_internal_logic_analyzer -c top_internal_logic_analyzer
quartus_sta top_internal_logic_analyzer -c top_internal_logic_analyzer
quartus_eda --read_settings_files=off --write_settings_files=off top_internal_logic_analyzer -c top_internal_logic_analyzer



